/Applications/CLion.app/Contents/bin/cmake/mac/bin/cmake -DCMAKE_BUILD_TYPE=Debug -G "CodeBlocks - Unix Makefiles" -S /Users/shrekulka/educationalProjects/c++/class/matrix -B /Users/shrekulka/educationalProjects/c++/class/matrix/cmake-build-debug
CMake Warning at /Applications/CLion.app/Contents/bin/cmake/mac/share/cmake-3.26/Modules/Platform/Darwin-Initialize.cmake:303 (message):
  Ignoring CMAKE_OSX_SYSROOT value:

   /Applications/Xcode.app/Contents/Developer/Platforms/MacOSX.platform/Developer/SDKs/MacOSX13.3.sdk

  because the directory does not exist.
Call Stack (most recent call first):
  /Applications/CLion.app/Contents/bin/cmake/mac/share/cmake-3.26/Modules/CMakeSystemSpecificInitialize.cmake:21 (include)
  CMakeLists.txt:2 (project)


-- The C compiler identification is AppleClang 15.0.0.15000040
-- The CXX compiler identification is AppleClang 15.0.0.15000040
-- Detecting C compiler ABI info
-- Detecting C compiler ABI info - failed
-- Check for working C compiler: /Applications/Xcode.app/Contents/Developer/Toolchains/XcodeDefault.xctoolchain/usr/bin/cc
-- Check for working C compiler: /Applications/Xcode.app/Contents/Developer/Toolchains/XcodeDefault.xctoolchain/usr/bin/cc - broken
CMake Error at /Applications/CLion.app/Contents/bin/cmake/mac/share/cmake-3.26/Modules/CMakeTestCCompiler.cmake:67 (message):
  The C compiler

    "/Applications/Xcode.app/Contents/Developer/Toolchains/XcodeDefault.xctoolchain/usr/bin/cc"

  is not able to compile a simple test program.

  It fails with the following output:

    Change Dir: /Users/shrekulka/educationalProjects/c++/class/matrix/cmake-build-debug/CMakeFiles/CMakeScratch/TryCompile-YUBcyQ
    
    Run Build Command(s):/Applications/CLion.app/Contents/bin/cmake/mac/bin/cmake -E env VERBOSE=1 /usr/bin/make -f Makefile cmTC_6f4c9/fast && /Applications/Xcode.app/Contents/Developer/usr/bin/make  -f CMakeFiles/cmTC_6f4c9.dir/build.make CMakeFiles/cmTC_6f4c9.dir/build
    Building C object CMakeFiles/cmTC_6f4c9.dir/testCCompiler.c.o
    /Applications/Xcode.app/Contents/Developer/Toolchains/XcodeDefault.xctoolchain/usr/bin/cc   -arch arm64 -fcolor-diagnostics -MD -MT CMakeFiles/cmTC_6f4c9.dir/testCCompiler.c.o -MF CMakeFiles/cmTC_6f4c9.dir/testCCompiler.c.o.d -o CMakeFiles/cmTC_6f4c9.dir/testCCompiler.c.o -c /Users/shrekulka/educationalProjects/c++/class/matrix/cmake-build-debug/CMakeFiles/CMakeScratch/TryCompile-YUBcyQ/testCCompiler.c
    Linking C executable cmTC_6f4c9
    /Applications/CLion.app/Contents/bin/cmake/mac/bin/cmake -E cmake_link_script CMakeFiles/cmTC_6f4c9.dir/link.txt --verbose=1
    /Applications/Xcode.app/Contents/Developer/Toolchains/XcodeDefault.xctoolchain/usr/bin/cc  -arch arm64 -Wl,-search_paths_first -Wl,-headerpad_max_install_names CMakeFiles/cmTC_6f4c9.dir/testCCompiler.c.o -o cmTC_6f4c9 
    ld: library 'System' not found
    clang: error: linker command failed with exit code 1 (use -v to see invocation)
    make[1]: *** [cmTC_6f4c9] Error 1
    make: *** [cmTC_6f4c9/fast] Error 2
    
    

  

  CMake will not be able to correctly generate this project.
Call Stack (most recent call first):
  CMakeLists.txt:2 (project)


-- Configuring incomplete, errors occurred!
